# JRE version: OpenJDK Runtime Environment (11.0.11+9) (build 11.0.11+9-b60-7590822)
# Java VM: OpenJDK 64-Bit Server VM (11.0.11+9-b60-7590822, mixed mode, tiered, compressed oops, g1 gc, windows-amd64)
Heap:
 garbage-first heap   total 143360K, used 56088K [0x0000000080000000, 0x0000000100000000)
  region size 1024K, 6 young (6144K), 3 survivors (3072K)
 Metaspace       used 59679K, capacity 61289K, committed 61516K, reserved 1101824K
  class space    used 7542K, capacity 8141K, committed 8268K, reserved 1048576K
GC Heap History (20 events):
Event: 2.585 GC heap before
{Heap before GC invocations=2 (full 0):
 garbage-first heap   total 98304K, used 59712K [0x0000000080000000, 0x0000000100000000)
  region size 1024K, 53 young (54272K), 8 survivors (8192K)
 Metaspace       used 20710K, capacity 21097K, committed 21248K, reserved 1067008K
  class space    used 2542K, capacity 2695K, committed 2816K, reserved 1048576K
}
Event: 2.596 GC heap after
{Heap after GC invocations=3 (full 0):
 garbage-first heap   total 98304K, used 16989K [0x0000000080000000, 0x0000000100000000)
  region size 1024K, 3 young (3072K), 3 survivors (3072K)
 Metaspace       used 20710K, capacity 21097K, committed 21248K, reserved 1067008K
  class space    used 2542K, capacity 2695K, committed 2816K, reserved 1048576K
}
Event: 3.169 GC heap before
{Heap before GC invocations=4 (full 0):
 garbage-first heap   total 98304K, used 65117K [0x0000000080000000, 0x0000000100000000)
  region size 1024K, 50 young (51200K), 3 survivors (3072K)
 Metaspace       used 25659K, capacity 26231K, committed 26368K, reserved 1073152K
  class space    used 3340K, capacity 3540K, committed 3584K, reserved 1048576K
}
Event: 3.174 GC heap after
{Heap after GC invocations=5 (full 0):
 garbage-first heap   total 98304K, used 18749K [0x0000000080000000, 0x0000000100000000)
  region size 1024K, 4 young (4096K), 4 survivors (4096K)
 Metaspace       used 25659K, capacity 26231K, committed 26368K, reserved 1073152K
  class space    used 3340K, capacity 3540K, committed 3584K, reserved 1048576K
}
Event: 3.805 GC heap before
{Heap before GC invocations=5 (full 0):
 garbage-first heap   total 98304K, used 68925K [0x0000000080000000, 0x0000000100000000)
  region size 1024K, 53 young (54272K), 4 survivors (4096K)
 Metaspace       used 30702K, capacity 31389K, committed 31616K, reserved 1077248K
  class space    used 4115K, capacity 4370K, committed 4480K, reserved 1048576K
}
Event: 3.811 GC heap after
{Heap after GC invocations=6 (full 0):
 garbage-first heap   total 98304K, used 20198K [0x0000000080000000, 0x0000000100000000)
  region size 1024K, 4 young (4096K), 4 survivors (4096K)
 Metaspace       used 30702K, capacity 31389K, committed 31616K, reserved 1077248K
  class space    used 4115K, capacity 4370K, committed 4480K, reserved 1048576K
}
Event: 4.159 GC heap before
{Heap before GC invocations=6 (full 0):
 garbage-first heap   total 98304K, used 33510K [0x0000000080000000, 0x0000000100000000)
  region size 1024K, 18 young (18432K), 4 survivors (4096K)
 Metaspace       used 35026K, capacity 35802K, committed 35840K, reserved 1081344K
  class space    used 4557K, capacity 4863K, committed 4864K, reserved 1048576K
}
Event: 4.170 GC heap after
{Heap after GC invocations=7 (full 0):
 garbage-first heap   total 98304K, used 22528K [0x0000000080000000, 0x0000000100000000)
  region size 1024K, 6 young (6144K), 6 survivors (6144K)
 Metaspace       used 35026K, capacity 35802K, committed 35840K, reserved 1081344K
  class space    used 4557K, capacity 4863K, committed 4864K, reserved 1048576K
}
Event: 4.729 GC heap before
{Heap before GC invocations=8 (full 0):
 garbage-first heap   total 98304K, used 70656K [0x0000000080000000, 0x0000000100000000)
  region size 1024K, 51 young (52224K), 6 survivors (6144K)
 Metaspace       used 38686K, capacity 39564K, committed 39628K, reserved 1083392K
  class space    used 4944K, capacity 5281K, committed 5324K, reserved 1048576K
}
Event: 4.738 GC heap after
{Heap after GC invocations=9 (full 0):
 garbage-first heap   total 118784K, used 26611K [0x0000000080000000, 0x0000000100000000)
  region size 1024K, 7 young (7168K), 7 survivors (7168K)
 Metaspace       used 38686K, capacity 39564K, committed 39628K, reserved 1083392K
  class space    used 4944K, capacity 5281K, committed 5324K, reserved 1048576K
}
Event: 5.465 GC heap before
{Heap before GC invocations=9 (full 0):
 garbage-first heap   total 118784K, used 80883K [0x0000000080000000, 0x0000000100000000)
  region size 1024K, 60 young (61440K), 7 survivors (7168K)
 Metaspace       used 43451K, capacity 44472K, committed 44620K, reserved 1087488K
  class space    used 5544K, capacity 5906K, committed 5964K, reserved 1048576K
}
Event: 5.472 GC heap after
{Heap after GC invocations=10 (full 0):
 garbage-first heap   total 118784K, used 28443K [0x0000000080000000, 0x0000000100000000)
  region size 1024K, 6 young (6144K), 6 survivors (6144K)
 Metaspace       used 43451K, capacity 44472K, committed 44620K, reserved 1087488K
  class space    used 5544K, capacity 5906K, committed 5964K, reserved 1048576K
}
Event: 6.241 GC heap before
{Heap before GC invocations=10 (full 0):
 garbage-first heap   total 118784K, used 83739K [0x0000000080000000, 0x0000000100000000)
  region size 1024K, 60 young (61440K), 6 survivors (6144K)
 Metaspace       used 47166K, capacity 48356K, committed 48588K, reserved 1091584K
  class space    used 6046K, capacity 6518K, committed 6604K, reserved 1048576K
}
Event: 6.250 GC heap after
{Heap after GC invocations=11 (full 0):
 garbage-first heap   total 118784K, used 31945K [0x0000000080000000, 0x0000000100000000)
  region size 1024K, 6 young (6144K), 6 survivors (6144K)
 Metaspace       used 47166K, capacity 48356K, committed 48588K, reserved 1091584K
  class space    used 6046K, capacity 6518K, committed 6604K, reserved 1048576K
}
Event: 6.938 GC heap before
{Heap before GC invocations=11 (full 0):
 garbage-first heap   total 118784K, used 94409K [0x0000000080000000, 0x0000000100000000)
  region size 1024K, 59 young (60416K), 6 survivors (6144K)
 Metaspace       used 48706K, capacity 50040K, committed 50380K, reserved 1093632K
  class space    used 6228K, capacity 6741K, committed 6860K, reserved 1048576K
}
Event: 6.950 GC heap after
{Heap after GC invocations=12 (full 0):
 garbage-first heap   total 118784K, used 50701K [0x0000000080000000, 0x0000000100000000)
  region size 1024K, 8 young (8192K), 8 survivors (8192K)
 Metaspace       used 48706K, capacity 50040K, committed 50380K, reserved 1093632K
  class space    used 6228K, capacity 6741K, committed 6860K, reserved 1048576K
}
Event: 7.547 GC heap before
{Heap before GC invocations=12 (full 0):
 garbage-first heap   total 118784K, used 90637K [0x0000000080000000, 0x0000000100000000)
  region size 1024K, 47 young (48128K), 8 survivors (8192K)
 Metaspace       used 54126K, capacity 55638K, committed 55884K, reserved 1097728K
  class space    used 6919K, capacity 7455K, committed 7500K, reserved 1048576K
}
Event: 7.556 GC heap after
{Heap after GC invocations=13 (full 0):
 garbage-first heap   total 143360K, used 53273K [0x0000000080000000, 0x0000000100000000)
  region size 1024K, 2 young (2048K), 2 survivors (2048K)
 Metaspace       used 54126K, capacity 55638K, committed 55884K, reserved 1097728K
  class space    used 6919K, capacity 7455K, committed 7500K, reserved 1048576K
}
Event: 8.147 GC heap before
{Heap before GC invocations=13 (full 0):
 garbage-first heap   total 143360K, used 83993K [0x0000000080000000, 0x0000000100000000)
  region size 1024K, 33 young (33792K), 2 survivors (2048K)
 Metaspace       used 58718K, capacity 60182K, committed 60236K, reserved 1101824K
  class space    used 7432K, capacity 7985K, committed 8012K, reserved 1048576K
}
Event: 8.153 GC heap after
{Heap after GC invocations=14 (full 0):
 garbage-first heap   total 143360K, used 54040K [0x0000000080000000, 0x0000000100000000)
  region size 1024K, 3 young (3072K), 3 survivors (3072K)
 Metaspace       used 58718K, capacity 60182K, committed 60236K, reserved 1101824K
  class space    used 7432K, capacity 7985K, committed 8012K, reserved 1048576K
}

