# JRE version: OpenJDK Runtime Environment (11.0.11+9) (build 11.0.11+9-b60-7590822)
# Java VM: OpenJDK 64-Bit Server VM (11.0.11+9-b60-7590822, mixed mode, tiered, compressed oops, g1 gc, windows-amd64)
Heap:
 garbage-first heap   total 155648K, used 88722K [0x00000000a1400000, 0x0000000100000000)
  region size 1024K, 37 young (37888K), 4 survivors (4096K)
 Metaspace       used 61622K, capacity 62382K, committed 62540K, reserved 1103872K
  class space    used 6860K, capacity 7174K, committed 7296K, reserved 1048576K
GC Heap History (20 events):
Event: 0.736 GC heap before
{Heap before GC invocations=0 (full 0):
 garbage-first heap   total 98304K, used 27647K [0x00000000a1400000, 0x0000000100000000)
  region size 1024K, 24 young (24576K), 0 survivors (0K)
 Metaspace       used 12301K, capacity 12341K, committed 12544K, reserved 1060864K
  class space    used 1155K, capacity 1174K, committed 1280K, reserved 1048576K
}
Event: 0.741 GC heap after
{Heap after GC invocations=1 (full 0):
 garbage-first heap   total 98304K, used 5837K [0x00000000a1400000, 0x0000000100000000)
  region size 1024K, 3 young (3072K), 3 survivors (3072K)
 Metaspace       used 12301K, capacity 12341K, committed 12544K, reserved 1060864K
  class space    used 1155K, capacity 1174K, committed 1280K, reserved 1048576K
}
Event: 1.516 GC heap before
{Heap before GC invocations=1 (full 0):
 garbage-first heap   total 98304K, used 41677K [0x00000000a1400000, 0x0000000100000000)
  region size 1024K, 39 young (39936K), 3 survivors (3072K)
 Metaspace       used 20963K, capacity 21182K, committed 21248K, reserved 1069056K
  class space    used 2208K, capacity 2289K, committed 2304K, reserved 1048576K
}
Event: 1.533 GC heap after
{Heap after GC invocations=2 (full 0):
 garbage-first heap   total 98304K, used 9834K [0x00000000a1400000, 0x0000000100000000)
  region size 1024K, 7 young (7168K), 7 survivors (7168K)
 Metaspace       used 20963K, capacity 21182K, committed 21248K, reserved 1069056K
  class space    used 2208K, capacity 2289K, committed 2304K, reserved 1048576K
}
Event: 2.561 GC heap before
{Heap before GC invocations=3 (full 0):
 garbage-first heap   total 98304K, used 58986K [0x00000000a1400000, 0x0000000100000000)
  region size 1024K, 49 young (50176K), 7 survivors (7168K)
 Metaspace       used 30742K, capacity 31190K, committed 31232K, reserved 1077248K
  class space    used 3629K, capacity 3809K, committed 3840K, reserved 1048576K
}
Event: 2.580 GC heap after
{Heap after GC invocations=4 (full 0):
 garbage-first heap   total 98304K, used 20738K [0x00000000a1400000, 0x0000000100000000)
  region size 1024K, 5 young (5120K), 5 survivors (5120K)
 Metaspace       used 30742K, capacity 31190K, committed 31232K, reserved 1077248K
  class space    used 3629K, capacity 3809K, committed 3840K, reserved 1048576K
}
Event: 3.323 GC heap before
{Heap before GC invocations=4 (full 0):
 garbage-first heap   total 98304K, used 55554K [0x00000000a1400000, 0x0000000100000000)
  region size 1024K, 34 young (34816K), 5 survivors (5120K)
 Metaspace       used 35107K, capacity 35594K, committed 35840K, reserved 1081344K
  class space    used 4294K, capacity 4484K, committed 4608K, reserved 1048576K
}
Event: 3.345 GC heap after
{Heap after GC invocations=5 (full 0):
 garbage-first heap   total 98304K, used 26894K [0x00000000a1400000, 0x0000000100000000)
  region size 1024K, 5 young (5120K), 5 survivors (5120K)
 Metaspace       used 35107K, capacity 35594K, committed 35840K, reserved 1081344K
  class space    used 4294K, capacity 4484K, committed 4608K, reserved 1048576K
}
Event: 4.164 GC heap before
{Heap before GC invocations=6 (full 0):
 garbage-first heap   total 98304K, used 66830K [0x00000000a1400000, 0x0000000100000000)
  region size 1024K, 44 young (45056K), 5 survivors (5120K)
 Metaspace       used 43063K, capacity 43588K, committed 43776K, reserved 1087488K
  class space    used 5095K, capacity 5269K, committed 5376K, reserved 1048576K
}
Event: 4.180 GC heap after
{Heap after GC invocations=7 (full 0):
 garbage-first heap   total 119808K, used 28474K [0x00000000a1400000, 0x0000000100000000)
  region size 1024K, 4 young (4096K), 4 survivors (4096K)
 Metaspace       used 43063K, capacity 43588K, committed 43776K, reserved 1087488K
  class space    used 5095K, capacity 5269K, committed 5376K, reserved 1048576K
}
Event: 5.084 GC heap before
{Heap before GC invocations=7 (full 0):
 garbage-first heap   total 119808K, used 83770K [0x00000000a1400000, 0x0000000100000000)
  region size 1024K, 55 young (56320K), 4 survivors (4096K)
 Metaspace       used 48258K, capacity 48761K, committed 48896K, reserved 1091584K
  class space    used 5633K, capacity 5818K, committed 5888K, reserved 1048576K
}
Event: 5.103 GC heap after
{Heap after GC invocations=8 (full 0):
 garbage-first heap   total 119808K, used 35195K [0x00000000a1400000, 0x0000000100000000)
  region size 1024K, 7 young (7168K), 7 survivors (7168K)
 Metaspace       used 48258K, capacity 48761K, committed 48896K, reserved 1091584K
  class space    used 5633K, capacity 5818K, committed 5888K, reserved 1048576K
}
Event: 6.541 GC heap before
{Heap before GC invocations=8 (full 0):
 garbage-first heap   total 119808K, used 86395K [0x00000000a1400000, 0x0000000100000000)
  region size 1024K, 57 young (58368K), 7 survivors (7168K)
 Metaspace       used 54290K, capacity 54978K, committed 55168K, reserved 1097728K
  class space    used 6214K, capacity 6482K, committed 6528K, reserved 1048576K
}
Event: 6.574 GC heap after
{Heap after GC invocations=9 (full 0):
 garbage-first heap   total 119808K, used 43581K [0x00000000a1400000, 0x0000000100000000)
  region size 1024K, 8 young (8192K), 8 survivors (8192K)
 Metaspace       used 54290K, capacity 54978K, committed 55168K, reserved 1097728K
  class space    used 6214K, capacity 6482K, committed 6528K, reserved 1048576K
}
Event: 7.316 GC heap before
{Heap before GC invocations=9 (full 0):
 garbage-first heap   total 119808K, used 88637K [0x00000000a1400000, 0x0000000100000000)
  region size 1024K, 52 young (53248K), 8 survivors (8192K)
 Metaspace       used 56088K, capacity 56835K, committed 57088K, reserved 1099776K
  class space    used 6369K, capacity 6653K, committed 6656K, reserved 1048576K
}
Event: 7.357 GC heap after
{Heap after GC invocations=10 (full 0):
 garbage-first heap   total 119808K, used 51712K [0x00000000a1400000, 0x0000000100000000)
  region size 1024K, 7 young (7168K), 7 survivors (7168K)
 Metaspace       used 56088K, capacity 56835K, committed 57088K, reserved 1099776K
  class space    used 6369K, capacity 6653K, committed 6656K, reserved 1048576K
}
Event: 7.678 GC heap before
{Heap before GC invocations=10 (full 0):
 garbage-first heap   total 119808K, used 90624K [0x00000000a1400000, 0x0000000100000000)
  region size 1024K, 45 young (46080K), 7 survivors (7168K)
 Metaspace       used 57766K, capacity 58479K, committed 58624K, reserved 1101824K
  class space    used 6585K, capacity 6881K, committed 6912K, reserved 1048576K
}
Event: 7.701 GC heap after
{Heap after GC invocations=11 (full 0):
 garbage-first heap   total 155648K, used 52736K [0x00000000a1400000, 0x0000000100000000)
  region size 1024K, 1 young (1024K), 1 survivors (1024K)
 Metaspace       used 57766K, capacity 58479K, committed 58624K, reserved 1101824K
  class space    used 6585K, capacity 6881K, committed 6912K, reserved 1048576K
}
Event: 8.395 GC heap before
{Heap before GC invocations=11 (full 0):
 garbage-first heap   total 155648K, used 91648K [0x00000000a1400000, 0x0000000100000000)
  region size 1024K, 40 young (40960K), 1 survivors (1024K)
 Metaspace       used 59347K, capacity 60059K, committed 60160K, reserved 1101824K
  class space    used 6729K, capacity 6999K, committed 7040K, reserved 1048576K
}
Event: 8.404 GC heap after
{Heap after GC invocations=12 (full 0):
 garbage-first heap   total 155648K, used 54930K [0x00000000a1400000, 0x0000000100000000)
  region size 1024K, 4 young (4096K), 4 survivors (4096K)
 Metaspace       used 59347K, capacity 60059K, committed 60160K, reserved 1101824K
  class space    used 6729K, capacity 6999K, committed 7040K, reserved 1048576K
}

