# JRE version: OpenJDK Runtime Environment (11.0.11+9) (build 11.0.11+9-b60-7590822)
# Java VM: OpenJDK 64-Bit Server VM (11.0.11+9-b60-7590822, mixed mode, tiered, compressed oops, g1 gc, windows-amd64)
Heap:
 garbage-first heap   total 143360K, used 58932K [0x0000000080000000, 0x0000000100000000)
  region size 1024K, 9 young (9216K), 2 survivors (2048K)
 Metaspace       used 54494K, capacity 55930K, committed 56140K, reserved 1101824K
  class space    used 6948K, capacity 7485K, committed 7500K, reserved 1048576K
GC Heap History (20 events):
Event: 1.694 GC heap before
{Heap before GC invocations=1 (full 0):
 garbage-first heap   total 98304K, used 64915K [0x0000000080000000, 0x0000000100000000)
  region size 1024K, 57 young (58368K), 3 survivors (3072K)
 Metaspace       used 13390K, capacity 13705K, committed 13952K, reserved 1060864K
  class space    used 1481K, capacity 1591K, committed 1664K, reserved 1048576K
}
Event: 1.701 GC heap after
{Heap after GC invocations=2 (full 0):
 garbage-first heap   total 98304K, used 14912K [0x0000000080000000, 0x0000000100000000)
  region size 1024K, 8 young (8192K), 8 survivors (8192K)
 Metaspace       used 13390K, capacity 13705K, committed 13952K, reserved 1060864K
  class space    used 1481K, capacity 1591K, committed 1664K, reserved 1048576K
}
Event: 2.860 GC heap before
{Heap before GC invocations=2 (full 0):
 garbage-first heap   total 98304K, used 59968K [0x0000000080000000, 0x0000000100000000)
  region size 1024K, 53 young (54272K), 8 survivors (8192K)
 Metaspace       used 20711K, capacity 21097K, committed 21248K, reserved 1067008K
  class space    used 2542K, capacity 2695K, committed 2816K, reserved 1048576K
}
Event: 2.873 GC heap after
{Heap after GC invocations=3 (full 0):
 garbage-first heap   total 98304K, used 17000K [0x0000000080000000, 0x0000000100000000)
  region size 1024K, 3 young (3072K), 3 survivors (3072K)
 Metaspace       used 20711K, capacity 21097K, committed 21248K, reserved 1067008K
  class space    used 2542K, capacity 2695K, committed 2816K, reserved 1048576K
}
Event: 3.496 GC heap before
{Heap before GC invocations=4 (full 0):
 garbage-first heap   total 98304K, used 65128K [0x0000000080000000, 0x0000000100000000)
  region size 1024K, 50 young (51200K), 3 survivors (3072K)
 Metaspace       used 25656K, capacity 26228K, committed 26368K, reserved 1073152K
  class space    used 3340K, capacity 3539K, committed 3584K, reserved 1048576K
}
Event: 3.501 GC heap after
{Heap after GC invocations=5 (full 0):
 garbage-first heap   total 98304K, used 18667K [0x0000000080000000, 0x0000000100000000)
  region size 1024K, 4 young (4096K), 4 survivors (4096K)
 Metaspace       used 25656K, capacity 26228K, committed 26368K, reserved 1073152K
  class space    used 3340K, capacity 3539K, committed 3584K, reserved 1048576K
}
Event: 4.126 GC heap before
{Heap before GC invocations=5 (full 0):
 garbage-first heap   total 98304K, used 68843K [0x0000000080000000, 0x0000000100000000)
  region size 1024K, 53 young (54272K), 4 survivors (4096K)
 Metaspace       used 30539K, capacity 31165K, committed 31232K, reserved 1077248K
  class space    used 4090K, capacity 4338K, committed 4352K, reserved 1048576K
}
Event: 4.131 GC heap after
{Heap after GC invocations=6 (full 0):
 garbage-first heap   total 98304K, used 20259K [0x0000000080000000, 0x0000000100000000)
  region size 1024K, 4 young (4096K), 4 survivors (4096K)
 Metaspace       used 30539K, capacity 31165K, committed 31232K, reserved 1077248K
  class space    used 4090K, capacity 4338K, committed 4352K, reserved 1048576K
}
Event: 4.523 GC heap before
{Heap before GC invocations=6 (full 0):
 garbage-first heap   total 98304K, used 34595K [0x0000000080000000, 0x0000000100000000)
  region size 1024K, 19 young (19456K), 4 survivors (4096K)
 Metaspace       used 35032K, capacity 35802K, committed 35840K, reserved 1081344K
  class space    used 4549K, capacity 4863K, committed 4864K, reserved 1048576K
}
Event: 4.531 GC heap after
{Heap after GC invocations=7 (full 0):
 garbage-first heap   total 98304K, used 22555K [0x0000000080000000, 0x0000000100000000)
  region size 1024K, 6 young (6144K), 6 survivors (6144K)
 Metaspace       used 35032K, capacity 35802K, committed 35840K, reserved 1081344K
  class space    used 4549K, capacity 4863K, committed 4864K, reserved 1048576K
}
Event: 5.088 GC heap before
{Heap before GC invocations=8 (full 0):
 garbage-first heap   total 98304K, used 70683K [0x0000000080000000, 0x0000000100000000)
  region size 1024K, 51 young (52224K), 6 survivors (6144K)
 Metaspace       used 38690K, capacity 39558K, committed 39628K, reserved 1083392K
  class space    used 4938K, capacity 5280K, committed 5324K, reserved 1048576K
}
Event: 5.097 GC heap after
{Heap after GC invocations=9 (full 0):
 garbage-first heap   total 118784K, used 26591K [0x0000000080000000, 0x0000000100000000)
  region size 1024K, 7 young (7168K), 7 survivors (7168K)
 Metaspace       used 38690K, capacity 39558K, committed 39628K, reserved 1083392K
  class space    used 4938K, capacity 5280K, committed 5324K, reserved 1048576K
}
Event: 5.842 GC heap before
{Heap before GC invocations=9 (full 0):
 garbage-first heap   total 118784K, used 80863K [0x0000000080000000, 0x0000000100000000)
  region size 1024K, 59 young (60416K), 7 survivors (7168K)
 Metaspace       used 43322K, capacity 44394K, committed 44620K, reserved 1087488K
  class space    used 5514K, capacity 5901K, committed 5964K, reserved 1048576K
}
Event: 5.850 GC heap after
{Heap after GC invocations=10 (full 0):
 garbage-first heap   total 118784K, used 28855K [0x0000000080000000, 0x0000000100000000)
  region size 1024K, 7 young (7168K), 7 survivors (7168K)
 Metaspace       used 43322K, capacity 44394K, committed 44620K, reserved 1087488K
  class space    used 5514K, capacity 5901K, committed 5964K, reserved 1048576K
}
Event: 6.696 GC heap before
{Heap before GC invocations=10 (full 0):
 garbage-first heap   total 118784K, used 83127K [0x0000000080000000, 0x0000000100000000)
  region size 1024K, 60 young (61440K), 7 survivors (7168K)
 Metaspace       used 46988K, capacity 48154K, committed 48332K, reserved 1091584K
  class space    used 6024K, capacity 6473K, committed 6604K, reserved 1048576K
}
Event: 6.705 GC heap after
{Heap after GC invocations=11 (full 0):
 garbage-first heap   total 118784K, used 31698K [0x0000000080000000, 0x0000000100000000)
  region size 1024K, 6 young (6144K), 6 survivors (6144K)
 Metaspace       used 46988K, capacity 48154K, committed 48332K, reserved 1091584K
  class space    used 6024K, capacity 6473K, committed 6604K, reserved 1048576K
}
Event: 7.897 GC heap before
{Heap before GC invocations=11 (full 0):
 garbage-first heap   total 118784K, used 94162K [0x0000000080000000, 0x0000000100000000)
  region size 1024K, 59 young (60416K), 6 survivors (6144K)
 Metaspace       used 48442K, capacity 49682K, committed 49740K, reserved 1091584K
  class space    used 6181K, capacity 6675K, committed 6732K, reserved 1048576K
}
Event: 7.907 GC heap after
{Heap after GC invocations=12 (full 0):
 garbage-first heap   total 118784K, used 50475K [0x0000000080000000, 0x0000000100000000)
  region size 1024K, 8 young (8192K), 8 survivors (8192K)
 Metaspace       used 48442K, capacity 49682K, committed 49740K, reserved 1091584K
  class space    used 6181K, capacity 6675K, committed 6732K, reserved 1048576K
}
Event: 8.684 GC heap before
{Heap before GC invocations=12 (full 0):
 garbage-first heap   total 118784K, used 90411K [0x0000000080000000, 0x0000000100000000)
  region size 1024K, 47 young (48128K), 8 survivors (8192K)
 Metaspace       used 53574K, capacity 55007K, committed 55372K, reserved 1097728K
  class space    used 6830K, capacity 7371K, committed 7500K, reserved 1048576K
}
Event: 8.693 GC heap after
{Heap after GC invocations=13 (full 0):
 garbage-first heap   total 143360K, used 52788K [0x0000000080000000, 0x0000000100000000)
  region size 1024K, 2 young (2048K), 2 survivors (2048K)
 Metaspace       used 53574K, capacity 55007K, committed 55372K, reserved 1097728K
  class space    used 6830K, capacity 7371K, committed 7500K, reserved 1048576K
}

