# JRE version: OpenJDK Runtime Environment (11.0.11+9) (build 11.0.11+9-b60-7590822)
# Java VM: OpenJDK 64-Bit Server VM (11.0.11+9-b60-7590822, mixed mode, tiered, compressed oops, g1 gc, windows-amd64)
Heap:
 garbage-first heap   total 143360K, used 64263K [0x0000000080000000, 0x0000000100000000)
  region size 1024K, 14 young (14336K), 2 survivors (2048K)
 Metaspace       used 56268K, capacity 57683K, committed 57932K, reserved 1099776K
  class space    used 7131K, capacity 7688K, committed 7808K, reserved 1048576K
GC Heap History (20 events):
Event: 1.676 GC heap before
{Heap before GC invocations=1 (full 0):
 garbage-first heap   total 98304K, used 64560K [0x0000000080000000, 0x0000000100000000)
  region size 1024K, 57 young (58368K), 3 survivors (3072K)
 Metaspace       used 13397K, capacity 13705K, committed 13952K, reserved 1060864K
  class space    used 1481K, capacity 1591K, committed 1664K, reserved 1048576K
}
Event: 1.683 GC heap after
{Heap after GC invocations=2 (full 0):
 garbage-first heap   total 98304K, used 15037K [0x0000000080000000, 0x0000000100000000)
  region size 1024K, 8 young (8192K), 8 survivors (8192K)
 Metaspace       used 13397K, capacity 13705K, committed 13952K, reserved 1060864K
  class space    used 1481K, capacity 1591K, committed 1664K, reserved 1048576K
}
Event: 2.861 GC heap before
{Heap before GC invocations=2 (full 0):
 garbage-first heap   total 98304K, used 60093K [0x0000000080000000, 0x0000000100000000)
  region size 1024K, 53 young (54272K), 8 survivors (8192K)
 Metaspace       used 20688K, capacity 21094K, committed 21248K, reserved 1067008K
  class space    used 2540K, capacity 2694K, committed 2816K, reserved 1048576K
}
Event: 2.873 GC heap after
{Heap after GC invocations=3 (full 0):
 garbage-first heap   total 98304K, used 17331K [0x0000000080000000, 0x0000000100000000)
  region size 1024K, 3 young (3072K), 3 survivors (3072K)
 Metaspace       used 20688K, capacity 21094K, committed 21248K, reserved 1067008K
  class space    used 2540K, capacity 2694K, committed 2816K, reserved 1048576K
}
Event: 3.448 GC heap before
{Heap before GC invocations=4 (full 0):
 garbage-first heap   total 98304K, used 64435K [0x0000000080000000, 0x0000000100000000)
  region size 1024K, 49 young (50176K), 3 survivors (3072K)
 Metaspace       used 25577K, capacity 26151K, committed 26368K, reserved 1073152K
  class space    used 3325K, capacity 3534K, committed 3584K, reserved 1048576K
}
Event: 3.452 GC heap after
{Heap after GC invocations=5 (full 0):
 garbage-first heap   total 98304K, used 19085K [0x0000000080000000, 0x0000000100000000)
  region size 1024K, 4 young (4096K), 4 survivors (4096K)
 Metaspace       used 25577K, capacity 26151K, committed 26368K, reserved 1073152K
  class space    used 3325K, capacity 3534K, committed 3584K, reserved 1048576K
}
Event: 4.032 GC heap before
{Heap before GC invocations=5 (full 0):
 garbage-first heap   total 98304K, used 69261K [0x0000000080000000, 0x0000000100000000)
  region size 1024K, 53 young (54272K), 4 survivors (4096K)
 Metaspace       used 30298K, capacity 30941K, committed 31232K, reserved 1077248K
  class space    used 4064K, capacity 4306K, committed 4352K, reserved 1048576K
}
Event: 4.038 GC heap after
{Heap after GC invocations=6 (full 0):
 garbage-first heap   total 98304K, used 20445K [0x0000000080000000, 0x0000000100000000)
  region size 1024K, 4 young (4096K), 4 survivors (4096K)
 Metaspace       used 30298K, capacity 30941K, committed 31232K, reserved 1077248K
  class space    used 4064K, capacity 4306K, committed 4352K, reserved 1048576K
}
Event: 4.393 GC heap before
{Heap before GC invocations=6 (full 0):
 garbage-first heap   total 98304K, used 35805K [0x0000000080000000, 0x0000000100000000)
  region size 1024K, 20 young (20480K), 4 survivors (4096K)
 Metaspace       used 35034K, capacity 35801K, committed 35840K, reserved 1081344K
  class space    used 4558K, capacity 4863K, committed 4864K, reserved 1048576K
}
Event: 4.402 GC heap after
{Heap after GC invocations=7 (full 0):
 garbage-first heap   total 98304K, used 22927K [0x0000000080000000, 0x0000000100000000)
  region size 1024K, 6 young (6144K), 6 survivors (6144K)
 Metaspace       used 35034K, capacity 35801K, committed 35840K, reserved 1081344K
  class space    used 4558K, capacity 4863K, committed 4864K, reserved 1048576K
}
Event: 4.958 GC heap before
{Heap before GC invocations=8 (full 0):
 garbage-first heap   total 98304K, used 72079K [0x0000000080000000, 0x0000000100000000)
  region size 1024K, 52 young (53248K), 6 survivors (6144K)
 Metaspace       used 38682K, capacity 39558K, committed 39884K, reserved 1083392K
  class space    used 4944K, capacity 5280K, committed 5376K, reserved 1048576K
}
Event: 4.969 GC heap after
{Heap after GC invocations=9 (full 0):
 garbage-first heap   total 118784K, used 26870K [0x0000000080000000, 0x0000000100000000)
  region size 1024K, 7 young (7168K), 7 survivors (7168K)
 Metaspace       used 38682K, capacity 39558K, committed 39884K, reserved 1083392K
  class space    used 4944K, capacity 5280K, committed 5376K, reserved 1048576K
}
Event: 5.645 GC heap before
{Heap before GC invocations=9 (full 0):
 garbage-first heap   total 118784K, used 81142K [0x0000000080000000, 0x0000000100000000)
  region size 1024K, 60 young (61440K), 7 survivors (7168K)
 Metaspace       used 43478K, capacity 44539K, committed 44876K, reserved 1087488K
  class space    used 5551K, capacity 5907K, committed 6016K, reserved 1048576K
}
Event: 5.653 GC heap after
{Heap after GC invocations=10 (full 0):
 garbage-first heap   total 118784K, used 28903K [0x0000000080000000, 0x0000000100000000)
  region size 1024K, 6 young (6144K), 6 survivors (6144K)
 Metaspace       used 43478K, capacity 44539K, committed 44876K, reserved 1087488K
  class space    used 5551K, capacity 5907K, committed 6016K, reserved 1048576K
}
Event: 6.465 GC heap before
{Heap before GC invocations=10 (full 0):
 garbage-first heap   total 118784K, used 84199K [0x0000000080000000, 0x0000000100000000)
  region size 1024K, 60 young (61440K), 6 survivors (6144K)
 Metaspace       used 47159K, capacity 48433K, committed 48460K, reserved 1091584K
  class space    used 6049K, capacity 6522K, committed 6528K, reserved 1048576K
}
Event: 6.474 GC heap after
{Heap after GC invocations=11 (full 0):
 garbage-first heap   total 118784K, used 32575K [0x0000000080000000, 0x0000000100000000)
  region size 1024K, 7 young (7168K), 7 survivors (7168K)
 Metaspace       used 47159K, capacity 48433K, committed 48460K, reserved 1091584K
  class space    used 6049K, capacity 6522K, committed 6528K, reserved 1048576K
}
Event: 7.203 GC heap before
{Heap before GC invocations=11 (full 0):
 garbage-first heap   total 118784K, used 95039K [0x0000000080000000, 0x0000000100000000)
  region size 1024K, 60 young (61440K), 7 survivors (7168K)
 Metaspace       used 48818K, capacity 50143K, committed 50252K, reserved 1093632K
  class space    used 6240K, capacity 6775K, committed 6784K, reserved 1048576K
}
Event: 7.214 GC heap after
{Heap after GC invocations=12 (full 0):
 garbage-first heap   total 118784K, used 51275K [0x0000000080000000, 0x0000000100000000)
  region size 1024K, 8 young (8192K), 8 survivors (8192K)
 Metaspace       used 48818K, capacity 50143K, committed 50252K, reserved 1093632K
  class space    used 6240K, capacity 6775K, committed 6784K, reserved 1048576K
}
Event: 7.818 GC heap before
{Heap before GC invocations=12 (full 0):
 garbage-first heap   total 118784K, used 90187K [0x0000000080000000, 0x0000000100000000)
  region size 1024K, 46 young (47104K), 8 survivors (8192K)
 Metaspace       used 54114K, capacity 55627K, committed 55884K, reserved 1097728K
  class space    used 6919K, capacity 7451K, committed 7552K, reserved 1048576K
}
Event: 7.826 GC heap after
{Heap after GC invocations=13 (full 0):
 garbage-first heap   total 143360K, used 52999K [0x0000000080000000, 0x0000000100000000)
  region size 1024K, 2 young (2048K), 2 survivors (2048K)
 Metaspace       used 54114K, capacity 55627K, committed 55884K, reserved 1097728K
  class space    used 6919K, capacity 7451K, committed 7552K, reserved 1048576K
}

